<?xml version="1.0" encoding="UTF-8"?>
<testng-results ignored="0" total="1" passed="1" failed="0" skipped="0">
  <reporter-output>
  </reporter-output>
  <suite started-at="2025-07-03T13:02:37 IST" name="cogmintofrmaework" finished-at="2025-07-03T13:02:44 IST" duration-ms="7057">
    <groups>
    </groups>
    <test started-at="2025-07-03T13:02:37 IST" name="Test" finished-at="2025-07-03T13:02:44 IST" duration-ms="7057">
      <class name="TestLayer.CloginTestcases">
        <test-method is-config="true" signature="setup(java.lang.String)[pri:0, instance:TestLayer.CloginTestcases@5f3b9c57]" started-at="2025-07-03T13:02:37 IST" name="setup" finished-at="2025-07-03T13:02:43 IST" duration-ms="6027" status="PASS">
          <params>
            <param index="0">
              <value>
                <![CDATA[chrome]]>
              </value>
            </param>
          </params>
          <reporter-output>
          </reporter-output>
        </test-method> <!-- setup -->
        <test-method signature="validateLoginFuncationality()[pri:0, instance:TestLayer.CloginTestcases@5f3b9c57]" started-at="2025-07-03T13:02:43 IST" name="validateLoginFuncationality" finished-at="2025-07-03T13:02:44 IST" duration-ms="418" status="PASS">
          <reporter-output>
          </reporter-output>
        </test-method> <!-- validateLoginFuncationality -->
      </class> <!-- TestLayer.CloginTestcases -->
    </test> <!-- Test -->
  </suite> <!-- cogmintofrmaework -->
</testng-results>
